  Main.cpp
c:\users\joshua\documents\github\project\project\project\game.h(30): warning C4244: 'argument': conversion from 'time_t' to 'unsigned int', possible loss of data
c:\users\joshua\documents\github\project\project\project\game.h(88): warning C4018: '<': signed/unsigned mismatch
c:\users\joshua\documents\github\project\project\project\game.h(92): warning C4018: '<': signed/unsigned mismatch
c:\program files (x86)\microsoft visual studio 14.0\vc\include\xmemory0(671): error C2528: 'pointer': pointer to reference is illegal
  c:\program files (x86)\microsoft visual studio 14.0\vc\include\xmemory0(883): note: see reference to class template instantiation 'std::allocator<_Ty>' being compiled
          with
          [
              _Ty=Team &
          ]
  c:\program files (x86)\microsoft visual studio 14.0\vc\include\vector(450): note: see reference to class template instantiation 'std::_Wrap_alloc<std::allocator<_Ty>>' being compiled
          with
          [
              _Ty=Team &
          ]
  c:\program files (x86)\microsoft visual studio 14.0\vc\include\vector(502): note: see reference to class template instantiation 'std::_Vec_base_types<_Ty,_Alloc>' being compiled
          with
          [
              _Ty=Team &,
              _Alloc=std::allocator<Team &>
          ]
  c:\program files (x86)\microsoft visual studio 14.0\vc\include\vector(680): note: see reference to class template instantiation 'std::_Vector_alloc<std::_Vec_base_types<_Ty,_Alloc>>' being compiled
          with
          [
              _Ty=Team &,
              _Alloc=std::allocator<Team &>
          ]
  c:\users\joshua\documents\github\project\project\project\main.cpp(20): note: see reference to class template instantiation 'std::vector<Team &,std::allocator<_Ty>>' being compiled
          with
          [
              _Ty=Team &
          ]
c:\program files (x86)\microsoft visual studio 14.0\vc\include\xmemory0(672): error C2528: 'const_pointer': pointer to reference is illegal
c:\program files (x86)\microsoft visual studio 14.0\vc\include\xmemory0(695): error C2535: 'Team &(*std::allocator<_Ty>::address(Team &) noexcept const)': member function already defined or declared
          with
          [
              _Ty=Team &
          ]
  c:\program files (x86)\microsoft visual studio 14.0\vc\include\xmemory0(689): note: see declaration of 'std::allocator<_Ty>::address'
          with
          [
              _Ty=Team &
          ]
c:\program files (x86)\microsoft visual studio 14.0\vc\include\xmemory0(816): error C2528: 'pointer': pointer to reference is illegal
  c:\program files (x86)\microsoft visual studio 14.0\vc\include\xmemory0(887): note: see reference to class template instantiation 'std::allocator_traits<_Alloc>' being compiled
          with
          [
              _Alloc=std::allocator<Team &>
          ]
c:\program files (x86)\microsoft visual studio 14.0\vc\include\xmemory0(817): error C2528: 'const_pointer': pointer to reference is illegal
c:\program files (x86)\microsoft visual studio 14.0\vc\include\xmemory0(836): error C2528: '<template-parameter>': pointer to reference is illegal
c:\program files (x86)\microsoft visual studio 14.0\vc\include\xmemory0(842): error C2528: '<template-parameter>': pointer to reference is illegal
c:\program files (x86)\microsoft visual studio 14.0\vc\include\xmemory0(930): error C2535: 'Team &(*std::_Wrap_alloc<std::allocator<_Ty>>::address(Team &) const)': member function already defined or declared
          with
          [
              _Ty=Team &
          ]
  c:\program files (x86)\microsoft visual studio 14.0\vc\include\xmemory0(924): note: see declaration of 'std::_Wrap_alloc<std::allocator<_Ty>>::address'
          with
          [
              _Ty=Team &
          ]
c:\program files (x86)\microsoft visual studio 14.0\vc\include\xmemory0(158): error C2528: 'abstract declarator': pointer to reference is illegal
  c:\program files (x86)\microsoft visual studio 14.0\vc\include\vector(453): note: see reference to class template instantiation 'std::_Is_simple_alloc<std::_Wrap_alloc<std::allocator<_Ty>>>' being compiled
          with
          [
              _Ty=Team &
          ]
c:\program files (x86)\microsoft visual studio 14.0\vc\include\xmemory0(158): error C2528: '<template-parameter>': pointer to reference is illegal
c:\program files (x86)\microsoft visual studio 14.0\vc\include\xmemory0(160): error C2528: 'abstract declarator': pointer to reference is illegal
c:\program files (x86)\microsoft visual studio 14.0\vc\include\xmemory0(160): error C2528: '<template-parameter>': pointer to reference is illegal
c:\program files (x86)\microsoft visual studio 14.0\vc\include\vector(461): error C2528: '<template-parameter>': pointer to reference is illegal
c:\program files (x86)\microsoft visual studio 14.0\vc\include\xmemory0(175): error C2528: 'pointer': pointer to reference is illegal
  c:\program files (x86)\microsoft visual studio 14.0\vc\include\vector(506): note: see reference to class template instantiation 'std::_Simple_types<Team &>' being compiled
c:\program files (x86)\microsoft visual studio 14.0\vc\include\xmemory0(176): error C2528: 'const_pointer': pointer to reference is illegal
c:\program files (x86)\microsoft visual studio 14.0\vc\include\vector(826): error C2528: '_Pval': pointer to reference is illegal
c:\program files (x86)\microsoft visual studio 14.0\vc\include\vector(1246): error C2528: 'data': pointer to reference is illegal
c:\program files (x86)\microsoft visual studio 14.0\vc\include\vector(1251): error C2528: 'data': pointer to reference is illegal
c:\program files (x86)\microsoft visual studio 14.0\vc\include\vector(1276): error C2535: 'void std::vector<Team &,std::allocator<_Ty>>::push_back(Team &)': member function already defined or declared
          with
          [
              _Ty=Team &
          ]
  c:\program files (x86)\microsoft visual studio 14.0\vc\include\vector(895): note: see declaration of 'std::vector<Team &,std::allocator<_Ty>>::push_back'
          with
          [
              _Ty=Team &
          ]
c:\program files (x86)\microsoft visual studio 14.0\vc\include\vector(1359): error C2535: 'std::_Vector_iterator<std::_Vector_val<std::_Simple_types<Team &>>> std::vector<Team &,std::allocator<_Ty>>::insert(std::_Vector_const_iterator<std::_Vector_val<std::_Simple_types<Team &>>>,_Ty)': member function already defined or declared
          with
          [
              _Ty=Team &
          ]
  c:\program files (x86)\microsoft visual studio 14.0\vc\include\vector(918): note: see declaration of 'std::vector<Team &,std::allocator<_Ty>>::insert'
          with
          [
              _Ty=Team &
          ]
c:\program files (x86)\microsoft visual studio 14.0\vc\include\vector(1595): error C2528: '_Ptr': pointer to reference is illegal
c:\program files (x86)\microsoft visual studio 14.0\vc\include\vector(1757): error C2528: '_Pval': pointer to reference is illegal
c:\users\joshua\documents\github\project\project\project\main.cpp(67): warning C4244: 'argument': conversion from 'time_t' to 'unsigned int', possible loss of data
c:\program files (x86)\microsoft visual studio 14.0\vc\include\vector(28): error C2528: '<template-parameter>': pointer to reference is illegal
  c:\program files (x86)\microsoft visual studio 14.0\vc\include\vector(296): note: see reference to class template instantiation 'std::_Vector_const_iterator<std::_Vector_val<std::_Simple_types<Team &>>>' being compiled
  c:\users\joshua\documents\github\project\project\project\main.cpp(71): note: see reference to class template instantiation 'std::_Vector_iterator<std::_Vector_val<std::_Simple_types<Team &>>>' being compiled
c:\users\joshua\documents\github\project\project\project\main.cpp(72): error C2839: invalid return type 'Team &(*)' for overloaded 'operator ->'
c:\users\joshua\documents\github\project\project\project\main.cpp(72): error C2039: 'setName': is not a member of 'std::_Vector_iterator<std::_Vector_val<std::_Simple_types<Team &>>>'
  c:\program files (x86)\microsoft visual studio 14.0\vc\include\vector(514): note: see declaration of 'std::_Vector_iterator<std::_Vector_val<std::_Simple_types<Team &>>>'
c:\users\joshua\documents\github\project\project\project\main.cpp(73): error C2839: invalid return type 'Team &(*)' for overloaded 'operator ->'
c:\users\joshua\documents\github\project\project\project\main.cpp(73): error C2039: 'setStats': is not a member of 'std::_Vector_iterator<std::_Vector_val<std::_Simple_types<Team &>>>'
  c:\program files (x86)\microsoft visual studio 14.0\vc\include\vector(514): note: see declaration of 'std::_Vector_iterator<std::_Vector_val<std::_Simple_types<Team &>>>'
